<?xml version="1.0" encoding="UTF-8"?>
<!-- Generated by org.testng.reporters.JUnitXMLReporter -->
<testsuite ignored="6" hostname="DESKTOP-88UM264" failures="1" tests="8" name="Functional Testing" time="61.897" errors="0" timestamp="2022-04-25T21:47:33 IST">
  <testcase classname="com.webservice.VerifyTitleAndTextTest" name="titleTest" time="47.622">
    <failure type="java.lang.AssertionError" message="The following asserts failed:
	expected [Electronics, Cars, hh Fashion, Collectibles &amp;amp; More | eBay] but found [Electronics, Cars, Fashion, Collectibles &amp;amp; More | eBay],
	Text verification failed expected [Search1] but found [Search]">
      <![CDATA[java.lang.AssertionError: The following asserts failed:
expected [Electronics, Cars, hh Fashion, Collectibles & More | eBay] but found [Electronics, Cars, Fashion, Collectibles & More | eBay],
Text verification failed expected [Search1] but found [Search]
at com.webservice.VerifyTitleAndTextTest.titleTest(VerifyTitleAndTextTest.java:38)
at java.base/java.util.ArrayList.forEach(ArrayList.java:1511)
... Removed 30 stack frames]]>
    </failure>
  </testcase> <!-- titleTest -->
  <testcase classname="com.webservice.VerifyTitleTest" name="titleTest" time="14.122"/>
  <testcase classname="com.webservice.GroupDemoTest" name="bTest3" time="0.002"/>
  <testcase classname="com.webservice.GroupDemoTest" name="bTest4" time="0.002"/>
  <testcase classname="com.webservice.GroupDemoTest" name="aTest1" time="0.002"/>
  <testcase classname="com.webservice.GroupDemoTest" name="bTest2" time="0.003"/>
  <testcase classname="com.webservice.LoginTest" name="loginTest" time="0.002"/>
  <testcase classname="com.webservice.LoginTest" name="LogoutTest" time="0.002"/>
  <testcase classname="common.commonSDataSetup" name="@BeforeSuite datasTearDown" time="0.0">
    <ignored/>
  </testcase> <!-- @BeforeSuite datasTearDown -->
  <testcase classname="common.commonSDataSetup" name="@BeforeSuite datasTearDown" time="0.0">
    <ignored/>
  </testcase> <!-- @BeforeSuite datasTearDown -->
  <testcase classname="common.commonSDataSetup" name="@BeforeSuite datasTearDown" time="0.0">
    <ignored/>
  </testcase> <!-- @BeforeSuite datasTearDown -->
  <testcase classname="common.commonSDataSetup" name="@AfterSuite dataTearDown" time="0.0">
    <ignored/>
  </testcase> <!-- @AfterSuite dataTearDown -->
  <testcase classname="common.commonSDataSetup" name="@AfterSuite dataTearDown" time="0.0">
    <ignored/>
  </testcase> <!-- @AfterSuite dataTearDown -->
  <testcase classname="common.commonSDataSetup" name="@AfterSuite dataTearDown" time="0.0">
    <ignored/>
  </testcase> <!-- @AfterSuite dataTearDown -->
</testsuite> <!-- Functional Testing -->
