<?xml version="1.0" encoding="UTF-8"?>
<!-- Generated by org.testng.reporters.JUnitXMLReporter -->
<testsuite ignored="3" hostname="DESKTOP-88UM264" failures="1" tests="3" name="Test(failed)" time="11.43" errors="0" timestamp="2022-04-27T12:31:11 IST">
  <testcase classname="com.webservice.SkipDemoTest" name="skipTest3" time="0.007">
    <skipped/>
  </testcase> <!-- skipTest3 -->
  <testcase classname="com.webservice.SkipDemoTest" name="skipTest2" time="0.003">
    <skipped/>
  </testcase> <!-- skipTest2 -->
  <testcase classname="com.webservice.VerifyTitleAndTextTest" name="titleTest" time="11.363">
    <failure type="java.lang.AssertionError" message="The following asserts failed:
	expected [Electronics, Cars, hh Fashion, Collectibles &amp;amp; More | eBay] but found [Electronics, Cars, Fashion, Collectibles &amp;amp; More | eBay],
	Text verification failed expected [Search1] but found [Search]">
      <![CDATA[java.lang.AssertionError: The following asserts failed:
expected [Electronics, Cars, hh Fashion, Collectibles & More | eBay] but found [Electronics, Cars, Fashion, Collectibles & More | eBay],
Text verification failed expected [Search1] but found [Search]
at com.webservice.VerifyTitleAndTextTest.titleTest(VerifyTitleAndTextTest.java:38)
at java.base/java.util.ArrayList.forEach(ArrayList.java:1511)
... Removed 29 stack frames]]>
    </failure>
  </testcase> <!-- titleTest -->
  <testcase classname="com.webservice.SkipDemoTest" name="skipTest1" time="0.0">
    <ignored/>
  </testcase> <!-- skipTest1 -->
  <testcase classname="common.commonSDataSetup" name="@BeforeSuite datasTearDown" time="0.0">
    <ignored/>
  </testcase> <!-- @BeforeSuite datasTearDown -->
  <testcase classname="common.commonSDataSetup" name="@AfterSuite dataTearDown" time="0.0">
    <ignored/>
  </testcase> <!-- @AfterSuite dataTearDown -->
</testsuite> <!-- Test(failed) -->
