<?xml version="1.0" encoding="UTF-8"?>
<!-- Generated by org.testng.reporters.JUnitXMLReporter -->
<testsuite ignored="0" hostname="DESKTOP-88UM264" failures="1" tests="1" name="Functional Testing(failed)" time="9.527" errors="0" timestamp="2022-04-27T12:49:19 IST">
  <testcase classname="com.webservice.VerifyTitleAndTextTest" name="titleTest" time="9.477">
    <failure type="java.lang.AssertionError" message="The following asserts failed:
	expected [Electronics, Cars, hh Fashion, Collectibles &amp;amp; More | eBay] but found [Electronics, Cars, Fashion, Collectibles &amp;amp; More | eBay],
	Text verification failed expected [Search1] but found [Search]">
      <![CDATA[java.lang.AssertionError: The following asserts failed:
expected [Electronics, Cars, hh Fashion, Collectibles & More | eBay] but found [Electronics, Cars, Fashion, Collectibles & More | eBay],
Text verification failed expected [Search1] but found [Search]
at com.webservice.VerifyTitleAndTextTest.titleTest(VerifyTitleAndTextTest.java:38)
at java.base/java.util.ArrayList.forEach(ArrayList.java:1511)
at Runner.TestRunner.main(TestRunner.java:18)
... Removed 26 stack frames]]>
    </failure>
  </testcase> <!-- titleTest -->
</testsuite> <!-- Functional Testing(failed) -->
